<?xml version="1.0" encoding="UTF-8"?>
<!-- Generated by org.testng.reporters.JUnitXMLReporter -->
<testsuite ignored="3" hostname="TUSHAR" failures="0" tests="1" name="Test" time="40.716" errors="0" timestamp="2024-05-09T15:50:49 IST">
  <testcase classname="com.comcast.crm.orgtest.CreateOrganizationTest" name="CreateOrgTest" time="17.989"/>
  <testcase classname="com.comcast.crm.orgtest.CreateOrganizationTest" name="CreateOrganisationWithIndustriesTest" time="0.0">
    <ignored/>
  </testcase> <!-- CreateOrganisationWithIndustriesTest -->
  <testcase classname="com.comcast.crm.orgtest.CreateOrganizationTest" name="createOrgWithPhoneNo" time="0.0">
    <ignored/>
  </testcase> <!-- createOrgWithPhoneNo -->
  <testcase classname="com.comcast.crm.orgtest.CreateOrganizationTest" name="DeleteOrgTest" time="0.0">
    <ignored/>
  </testcase> <!-- DeleteOrgTest -->
</testsuite> <!-- Test -->
