<?xml version="1.0" encoding="UTF-8"?>
<testng-results ignored="2" total="4" passed="2" failed="0" skipped="0">
  <reporter-output>
  </reporter-output>
  <suite started-at="2024-05-15T13:02:08 IST" name="Failed suite [Surefire suite]" finished-at="2024-05-15T13:03:15 IST" duration-ms="66589">
    <groups>
    </groups>
    <test started-at="2024-05-15T13:02:08 IST" name="Surefire test(failed)" finished-at="2024-05-15T13:03:15 IST" duration-ms="66589">
      <class name="practice.test.SearchContactTest">
        <test-method is-config="true" signature="configBeforeclass()[pri:0, instance:practice.test.SearchContactTest@606e4010]" started-at="2024-05-15T13:02:53 IST" name="configBeforeclass" finished-at="2024-05-15T13:02:55 IST" duration-ms="2274" status="PASS">
          <reporter-output>
          </reporter-output>
        </test-method> <!-- configBeforeclass -->
        <test-method is-config="true" signature="configBeforeMethod()[pri:0, instance:practice.test.SearchContactTest@606e4010]" started-at="2024-05-15T13:02:55 IST" name="configBeforeMethod" finished-at="2024-05-15T13:03:06 IST" duration-ms="10288" status="PASS">
          <reporter-output>
          </reporter-output>
        </test-method> <!-- configBeforeMethod -->
        <test-method signature="searchcontactTest()[pri:0, instance:practice.test.SearchContactTest@606e4010]" started-at="2024-05-15T13:03:06 IST" name="searchcontactTest" finished-at="2024-05-15T13:03:06 IST" duration-ms="4" status="PASS">
          <reporter-output>
          </reporter-output>
        </test-method> <!-- searchcontactTest -->
        <test-method is-config="true" signature="configAfterMethod()[pri:0, instance:practice.test.SearchContactTest@606e4010]" started-at="2024-05-15T13:03:06 IST" name="configAfterMethod" finished-at="2024-05-15T13:03:14 IST" duration-ms="8411" status="PASS">
          <reporter-output>
          </reporter-output>
        </test-method> <!-- configAfterMethod -->
        <test-method is-config="true" signature="configAfterclass()[pri:0, instance:practice.test.SearchContactTest@606e4010]" started-at="2024-05-15T13:03:14 IST" name="configAfterclass" finished-at="2024-05-15T13:03:15 IST" duration-ms="513" status="PASS">
          <reporter-output>
          </reporter-output>
        </test-method> <!-- configAfterclass -->
      </class> <!-- practice.test.SearchContactTest -->
      <class name="com.comcast.crm.contacttest.CreateContactWithSupportDateTest">
        <test-method is-config="true" signature="configBeforeSuite()[pri:0, instance:com.comcast.crm.contacttest.CreateContactWithSupportDateTest@2d901eb0]" started-at="2024-05-15T13:02:07 IST" name="configBeforeSuite" finished-at="2024-05-15T13:02:08 IST" duration-ms="1221" status="PASS">
          <reporter-output>
          </reporter-output>
        </test-method> <!-- configBeforeSuite -->
        <test-method is-config="true" signature="configBeforeclass()[pri:0, instance:com.comcast.crm.contacttest.CreateContactWithSupportDateTest@2d901eb0]" started-at="2024-05-15T13:02:08 IST" name="configBeforeclass" finished-at="2024-05-15T13:02:14 IST" duration-ms="6312" status="PASS">
          <reporter-output>
          </reporter-output>
        </test-method> <!-- configBeforeclass -->
        <test-method is-config="true" signature="configBeforeMethod()[pri:0, instance:com.comcast.crm.contacttest.CreateContactWithSupportDateTest@2d901eb0]" started-at="2024-05-15T13:02:14 IST" name="configBeforeMethod" finished-at="2024-05-15T13:02:24 IST" duration-ms="9437" status="PASS">
          <reporter-output>
          </reporter-output>
        </test-method> <!-- configBeforeMethod -->
        <test-method signature="CreateContactWithSupportDateTest()[pri:0, instance:com.comcast.crm.contacttest.CreateContactWithSupportDateTest@2d901eb0]" started-at="2024-05-15T13:02:24 IST" name="CreateContactWithSupportDateTest" finished-at="2024-05-15T13:02:50 IST" duration-ms="25989" status="PASS">
          <reporter-output>
          </reporter-output>
        </test-method> <!-- CreateContactWithSupportDateTest -->
        <test-method is-config="true" signature="configAfterMethod()[pri:0, instance:com.comcast.crm.contacttest.CreateContactWithSupportDateTest@2d901eb0]" started-at="2024-05-15T13:02:50 IST" name="configAfterMethod" finished-at="2024-05-15T13:02:53 IST" duration-ms="2616" status="PASS">
          <reporter-output>
          </reporter-output>
        </test-method> <!-- configAfterMethod -->
        <test-method is-config="true" signature="configAfterclass()[pri:0, instance:com.comcast.crm.contacttest.CreateContactWithSupportDateTest@2d901eb0]" started-at="2024-05-15T13:02:53 IST" name="configAfterclass" finished-at="2024-05-15T13:02:53 IST" duration-ms="570" status="PASS">
          <reporter-output>
          </reporter-output>
        </test-method> <!-- configAfterclass -->
        <test-method is-config="true" signature="configAfterSuite()[pri:0, instance:com.comcast.crm.contacttest.CreateContactWithSupportDateTest@2d901eb0]" started-at="2024-05-15T13:03:15 IST" name="configAfterSuite" finished-at="2024-05-15T13:03:15 IST" duration-ms="20" status="PASS">
          <reporter-output>
          </reporter-output>
        </test-method> <!-- configAfterSuite -->
      </class> <!-- com.comcast.crm.contacttest.CreateContactWithSupportDateTest -->
    </test> <!-- Surefire test(failed) -->
  </suite> <!-- Failed suite [Surefire suite] -->
</testng-results>
