<?xml version="1.0" encoding="UTF-8"?>
<!-- Generated by org.testng.reporters.JUnitXMLReporter -->
<testsuite ignored="2" hostname="TUSHAR" failures="0" tests="2" name="Surefire test(failed)" time="66.589" errors="0" timestamp="2024-05-15T13:03:15 IST">
  <testcase classname="com.comcast.crm.contacttest.CreateContactWithSupportDateTest" name="CreateContactWithSupportDateTest" time="25.989"/>
  <testcase classname="practice.test.SearchContactTest" name="searchcontactTest" time="0.004"/>
  <testcase classname="com.comcast.crm.basetest.BaseClass" name="@AfterSuite configAfterSuite" time="0.0">
    <ignored/>
  </testcase> <!-- @AfterSuite configAfterSuite -->
  <testcase classname="com.comcast.crm.basetest.BaseClass" name="@BeforeSuite configBeforeSuite" time="0.0">
    <ignored/>
  </testcase> <!-- @BeforeSuite configBeforeSuite -->
</testsuite> <!-- Surefire test(failed) -->
